    24>D:\projects\misis2023f-23-check\misis2024s-23-01-kalinkin-d-s\prj.lab\dynarr\dynarr.cpp(7): error C4716: 'DynArr::operator[]': must return a value [D:\projects\misis2023f-23-check\misis2024s-23-01-kalinkin-d-s\build.check\prj.lab\dynarr\dynarr.vcxproj]
    37>D:\projects\misis2023f-23-check\misis2024s-23-01-kalinkin-d-s\prj.test\test_stacklstt.cpp(10,5): error C2676: binary '<<': 'doctest::detail::ExpressionDecomposer' does not define this operator or a conversion to a type acceptable to the predefined operator [D:\projects\misis2023f-23-check\misis2024s-23-01-kalinkin-d-s\build.check\prj.test\test_stacklstt.vcxproj]
    19>D:\projects\misis2023f-23-check\misis2024s-23-01-kalinkin-d-s\prj.lab\queuearr\queuearr.cpp(84,14): error C2059: syntax error: ')' [D:\projects\misis2023f-23-check\misis2024s-23-01-kalinkin-d-s\build.check\prj.lab\queuearr\queuearr.vcxproj]
    19>D:\projects\misis2023f-23-check\misis2024s-23-01-kalinkin-d-s\prj.lab\queuearr\queuearr.cpp(84,15): error C2143: syntax error: missing ';' before '{' [D:\projects\misis2023f-23-check\misis2024s-23-01-kalinkin-d-s\build.check\prj.lab\queuearr\queuearr.vcxproj]
    19>D:\projects\misis2023f-23-check\misis2024s-23-01-kalinkin-d-s\prj.lab\queuearr\queuearr.cpp(86,6): error C2181: illegal else without matching if [D:\projects\misis2023f-23-check\misis2024s-23-01-kalinkin-d-s\build.check\prj.lab\queuearr\queuearr.vcxproj]
    10>D:\projects\misis2023f-23-check\misis2024s-23-01-kalinkin-d-s\prj.check\prj.check\doctest_bitset\doctest_bitset_moveable.cpp(9,3): error C2065: 'BitSet': undeclared identifier [D:\projects\misis2023f-23-check\misis2024s-23-01-kalinkin-d-s\build.check\prj.check\prj.check\doctest_bitset\doctest_bitset_m.vcxproj]
    10>D:\projects\misis2023f-23-check\misis2024s-23-01-kalinkin-d-s\prj.check\prj.check\doctest_bitset\doctest_bitset_moveable.cpp(9,10): error C2146: syntax error: missing ';' before identifier 'b0' [D:\projects\misis2023f-23-check\misis2024s-23-01-kalinkin-d-s\build.check\prj.check\prj.check\doctest_bitset\doctest_bitset_m.vcxproj]
    10>D:\projects\misis2023f-23-check\misis2024s-23-01-kalinkin-d-s\prj.check\prj.check\doctest_bitset\doctest_bitset_moveable.cpp(9,10): error C3861: 'b0': identifier not found [D:\projects\misis2023f-23-check\misis2024s-23-01-kalinkin-d-s\build.check\prj.check\prj.check\doctest_bitset\doctest_bitset_m.vcxproj]
    10>D:\projects\misis2023f-23-check\misis2024s-23-01-kalinkin-d-s\prj.check\prj.check\doctest_bitset\doctest_bitset_moveable.cpp(10,3): error C2065: 'BitSet': undeclared identifier [D:\projects\misis2023f-23-check\misis2024s-23-01-kalinkin-d-s\build.check\prj.check\prj.check\doctest_bitset\doctest_bitset_m.vcxproj]
    10>D:\projects\misis2023f-23-check\misis2024s-23-01-kalinkin-d-s\prj.check\prj.check\doctest_bitset\doctest_bitset_moveable.cpp(10,10): error C2146: syntax error: missing ';' before identifier 'b1' [D:\projects\misis2023f-23-check\misis2024s-23-01-kalinkin-d-s\build.check\prj.check\prj.check\doctest_bitset\doctest_bitset_m.vcxproj]
    10>D:\projects\misis2023f-23-check\misis2024s-23-01-kalinkin-d-s\prj.check\prj.check\doctest_bitset\doctest_bitset_moveable.cpp(10,10): error C2065: 'b1': undeclared identifier [D:\projects\misis2023f-23-check\misis2024s-23-01-kalinkin-d-s\build.check\prj.check\prj.check\doctest_bitset\doctest_bitset_m.vcxproj]
    10>D:\projects\misis2023f-23-check\misis2024s-23-01-kalinkin-d-s\prj.check\prj.check\doctest_bitset\doctest_bitset_moveable.cpp(10,25): error C2065: 'b0': undeclared identifier [D:\projects\misis2023f-23-check\misis2024s-23-01-kalinkin-d-s\build.check\prj.check\prj.check\doctest_bitset\doctest_bitset_m.vcxproj]
    10>D:\projects\misis2023f-23-check\misis2024s-23-01-kalinkin-d-s\prj.check\prj.check\doctest_bitset\doctest_bitset_moveable.cpp(11,3): error C2065: 'BitSet': undeclared identifier [D:\projects\misis2023f-23-check\misis2024s-23-01-kalinkin-d-s\build.check\prj.check\prj.check\doctest_bitset\doctest_bitset_m.vcxproj]
    10>D:\projects\misis2023f-23-check\misis2024s-23-01-kalinkin-d-s\prj.check\prj.check\doctest_bitset\doctest_bitset_moveable.cpp(11,3): error C2923: 'std::is_nothrow_move_assignable': 'BitSet' is not a valid template type argument for parameter '_Ty' [D:\projects\misis2023f-23-check\misis2024s-23-01-kalinkin-d-s\build.check\prj.check\prj.check\doctest_bitset\doctest_bitset_m.vcxproj]
    10>D:\projects\misis2023f-23-check\misis2024s-23-01-kalinkin-d-s\prj.check\prj.check\doctest_bitset\doctest_bitset_moveable.cpp(11,3): error C2955: 'std::is_nothrow_move_assignable': use of class template requires template argument list [D:\projects\misis2023f-23-check\misis2024s-23-01-kalinkin-d-s\build.check\prj.check\prj.check\doctest_bitset\doctest_bitset_m.vcxproj]
    10>D:\projects\misis2023f-23-check\misis2024s-23-01-kalinkin-d-s\prj.check\prj.check\doctest_bitset\doctest_bitset_moveable.cpp(11,3): error C2039: 'value': is not a member of 'std::is_nothrow_move_assignable<_Ty>' [D:\projects\misis2023f-23-check\misis2024s-23-01-kalinkin-d-s\build.check\prj.check\prj.check\doctest_bitset\doctest_bitset_m.vcxproj]
    10>D:\projects\misis2023f-23-check\misis2024s-23-01-kalinkin-d-s\prj.check\prj.check\doctest_bitset\doctest_bitset_moveable.cpp(11,3): error C2065: 'value': undeclared identifier [D:\projects\misis2023f-23-check\misis2024s-23-01-kalinkin-d-s\build.check\prj.check\prj.check\doctest_bitset\doctest_bitset_m.vcxproj]
    10>D:\projects\misis2023f-23-check\misis2024s-23-01-kalinkin-d-s\prj.check\prj.check\doctest_bitset\doctest_bitset_moveable.cpp(12,3): error C2065: 'BitSet': undeclared identifier [D:\projects\misis2023f-23-check\misis2024s-23-01-kalinkin-d-s\build.check\prj.check\prj.check\doctest_bitset\doctest_bitset_m.vcxproj]
    10>D:\projects\misis2023f-23-check\misis2024s-23-01-kalinkin-d-s\prj.check\prj.check\doctest_bitset\doctest_bitset_moveable.cpp(12,3): error C2923: 'std::is_nothrow_move_constructible': 'BitSet' is not a valid template type argument for parameter '_Ty' [D:\projects\misis2023f-23-check\misis2024s-23-01-kalinkin-d-s\build.check\prj.check\prj.check\doctest_bitset\doctest_bitset_m.vcxproj]
    10>D:\projects\misis2023f-23-check\misis2024s-23-01-kalinkin-d-s\prj.check\prj.check\doctest_bitset\doctest_bitset_moveable.cpp(12,3): error C2955: 'std::is_nothrow_move_constructible': use of class template requires template argument list [D:\projects\misis2023f-23-check\misis2024s-23-01-kalinkin-d-s\build.check\prj.check\prj.check\doctest_bitset\doctest_bitset_m.vcxproj]
    10>D:\projects\misis2023f-23-check\misis2024s-23-01-kalinkin-d-s\prj.check\prj.check\doctest_bitset\doctest_bitset_moveable.cpp(12,3): error C2039: 'value': is not a member of 'std::is_nothrow_move_constructible<_Ty>' [D:\projects\misis2023f-23-check\misis2024s-23-01-kalinkin-d-s\build.check\prj.check\prj.check\doctest_bitset\doctest_bitset_m.vcxproj]
    10>D:\projects\misis2023f-23-check\misis2024s-23-01-kalinkin-d-s\prj.check\prj.check\doctest_bitset\doctest_bitset_moveable.cpp(12,3): error C2065: 'value': undeclared identifier [D:\projects\misis2023f-23-check\misis2024s-23-01-kalinkin-d-s\build.check\prj.check\prj.check\doctest_bitset\doctest_bitset_m.vcxproj]
     6>D:\projects\misis2023f-23-check\misis2024s-23-01-kalinkin-d-s\prj.check\prj.check\doctest_bitset\doctest_bitset.cpp(13,13): error C3861: 'BitSet': identifier not found [D:\projects\misis2023f-23-check\misis2024s-23-01-kalinkin-d-s\build.check\prj.check\prj.check\doctest_bitset\doctest_bitset.vcxproj]
     6>D:\projects\misis2023f-23-check\misis2024s-23-01-kalinkin-d-s\prj.check\prj.check\doctest_bitset\doctest_bitset.cpp(16,13): error C2530: 'b2': references must be initialized [D:\projects\misis2023f-23-check\misis2024s-23-01-kalinkin-d-s\build.check\prj.check\prj.check\doctest_bitset\doctest_bitset.vcxproj]
     6>D:\projects\misis2023f-23-check\misis2024s-23-01-kalinkin-d-s\prj.check\prj.check\doctest_bitset\doctest_bitset.cpp(20,3): error C2065: 'BitSet': undeclared identifier [D:\projects\misis2023f-23-check\misis2024s-23-01-kalinkin-d-s\build.check\prj.check\prj.check\doctest_bitset\doctest_bitset.vcxproj]
     6>D:\projects\misis2023f-23-check\misis2024s-23-01-kalinkin-d-s\prj.check\prj.check\doctest_bitset\doctest_bitset.cpp(20,10): error C2146: syntax error: missing ';' before identifier 'bs_empty' [D:\projects\misis2023f-23-check\misis2024s-23-01-kalinkin-d-s\build.check\prj.check\prj.check\doctest_bitset\doctest_bitset.vcxproj]
     6>D:\projects\misis2023f-23-check\misis2024s-23-01-kalinkin-d-s\prj.check\prj.check\doctest_bitset\doctest_bitset.cpp(20,10): error C2065: 'bs_empty': undeclared identifier [D:\projects\misis2023f-23-check\misis2024s-23-01-kalinkin-d-s\build.check\prj.check\prj.check\doctest_bitset\doctest_bitset.vcxproj]
     6>D:\projects\misis2023f-23-check\misis2024s-23-01-kalinkin-d-s\prj.check\prj.check\doctest_bitset\doctest_bitset.cpp(21,3): error C2065: 'bs_empty': undeclared identifier [D:\projects\misis2023f-23-check\misis2024s-23-01-kalinkin-d-s\build.check\prj.check\prj.check\doctest_bitset\doctest_bitset.vcxproj]
     6>D:\projects\misis2023f-23-check\misis2024s-23-01-kalinkin-d-s\prj.check\prj.check\doctest_bitset\doctest_bitset.cpp(21,3): error C2672: 'doctest::detail::ResultBuilder::binary_assert': no matching overloaded function found [D:\projects\misis2023f-23-check\misis2024s-23-01-kalinkin-d-s\build.check\prj.check\prj.check\doctest_bitset\doctest_bitset.vcxproj]
     6>D:\projects\misis2023f-23-check\misis2024s-23-01-kalinkin-d-s\prj.check\prj.check\doctest_bitset\doctest_bitset.cpp(22,17): error C3861: 'BitSet': identifier not found [D:\projects\misis2023f-23-check\misis2024s-23-01-kalinkin-d-s\build.check\prj.check\prj.check\doctest_bitset\doctest_bitset.vcxproj]
     6>D:\projects\misis2023f-23-check\misis2024s-23-01-kalinkin-d-s\prj.check\prj.check\doctest_bitset\doctest_bitset.cpp(23,3): error C2672: 'doctest::detail::ResultBuilder::binary_assert': no matching overloaded function found [D:\projects\misis2023f-23-check\misis2024s-23-01-kalinkin-d-s\build.check\prj.check\prj.check\doctest_bitset\doctest_bitset.vcxproj]
     6>D:\projects\misis2023f-23-check\misis2024s-23-01-kalinkin-d-s\prj.check\prj.check\doctest_bitset\doctest_bitset.cpp(27,3): error C2065: 'BitSet': undeclared identifier [D:\projects\misis2023f-23-check\misis2024s-23-01-kalinkin-d-s\build.check\prj.check\prj.check\doctest_bitset\doctest_bitset.vcxproj]
     6>D:\projects\misis2023f-23-check\misis2024s-23-01-kalinkin-d-s\prj.check\prj.check\doctest_bitset\doctest_bitset.cpp(27,10): error C2146: syntax error: missing ';' before identifier 'bs_empty' [D:\projects\misis2023f-23-check\misis2024s-23-01-kalinkin-d-s\build.check\prj.check\prj.check\doctest_bitset\doctest_bitset.vcxproj]
     6>D:\projects\misis2023f-23-check\misis2024s-23-01-kalinkin-d-s\prj.check\prj.check\doctest_bitset\doctest_bitset.cpp(27,10): error C2065: 'bs_empty': undeclared identifier [D:\projects\misis2023f-23-check\misis2024s-23-01-kalinkin-d-s\build.check\prj.check\prj.check\doctest_bitset\doctest_bitset.vcxproj]
     6>D:\projects\misis2023f-23-check\misis2024s-23-01-kalinkin-d-s\prj.check\prj.check\doctest_bitset\doctest_bitset.cpp(28,3): error C2065: 'bs_empty': undeclared identifier [D:\projects\misis2023f-23-check\misis2024s-23-01-kalinkin-d-s\build.check\prj.check\prj.check\doctest_bitset\doctest_bitset.vcxproj]
     6>D:\projects\misis2023f-23-check\misis2024s-23-01-kalinkin-d-s\prj.check\prj.check\doctest_bitset\doctest_bitset.cpp(28,3): error C2672: 'doctest::detail::ResultBuilder::binary_assert': no matching overloaded function found [D:\projects\misis2023f-23-check\misis2024s-23-01-kalinkin-d-s\build.check\prj.check\prj.check\doctest_bitset\doctest_bitset.vcxproj]
     6>D:\projects\misis2023f-23-check\misis2024s-23-01-kalinkin-d-s\prj.check\prj.check\doctest_bitset\doctest_bitset.cpp(29,17): error C3861: 'BitSet': identifier not found [D:\projects\misis2023f-23-check\misis2024s-23-01-kalinkin-d-s\build.check\prj.check\prj.check\doctest_bitset\doctest_bitset.vcxproj]
     6>D:\projects\misis2023f-23-check\misis2024s-23-01-kalinkin-d-s\prj.check\prj.check\doctest_bitset\doctest_bitset.cpp(30,3): error C2672: 'doctest::detail::ResultBuilder::binary_assert': no matching overloaded function found [D:\projects\misis2023f-23-check\misis2024s-23-01-kalinkin-d-s\build.check\prj.check\prj.check\doctest_bitset\doctest_bitset.vcxproj]
     6>D:\projects\misis2023f-23-check\misis2024s-23-01-kalinkin-d-s\prj.check\prj.check\doctest_bitset\doctest_bitset.cpp(34,3): error C2065: 'BitSet': undeclared identifier [D:\projects\misis2023f-23-check\misis2024s-23-01-kalinkin-d-s\build.check\prj.check\prj.check\doctest_bitset\doctest_bitset.vcxproj]
     6>D:\projects\misis2023f-23-check\misis2024s-23-01-kalinkin-d-s\prj.check\prj.check\doctest_bitset\doctest_bitset.cpp(34,10): error C2146: syntax error: missing ';' before identifier 'bs_empty' [D:\projects\misis2023f-23-check\misis2024s-23-01-kalinkin-d-s\build.check\prj.check\prj.check\doctest_bitset\doctest_bitset.vcxproj]
     6>D:\projects\misis2023f-23-check\misis2024s-23-01-kalinkin-d-s\prj.check\prj.check\doctest_bitset\doctest_bitset.cpp(34,10): error C2065: 'bs_empty': undeclared identifier [D:\projects\misis2023f-23-check\misis2024s-23-01-kalinkin-d-s\build.check\prj.check\prj.check\doctest_bitset\doctest_bitset.vcxproj]
     6>D:\projects\misis2023f-23-check\misis2024s-23-01-kalinkin-d-s\prj.check\prj.check\doctest_bitset\doctest_bitset.cpp(35,3): error C2065: 'bs_empty': undeclared identifier [D:\projects\misis2023f-23-check\misis2024s-23-01-kalinkin-d-s\build.check\prj.check\prj.check\doctest_bitset\doctest_bitset.vcxproj]
     6>D:\projects\misis2023f-23-check\misis2024s-23-01-kalinkin-d-s\prj.check\prj.check\doctest_bitset\doctest_bitset.cpp(36,3): error C2065: 'bs_empty': undeclared identifier [D:\projects\misis2023f-23-check\misis2024s-23-01-kalinkin-d-s\build.check\prj.check\prj.check\doctest_bitset\doctest_bitset.vcxproj]
     6>D:\projects\misis2023f-23-check\misis2024s-23-01-kalinkin-d-s\prj.check\prj.check\doctest_bitset\doctest_bitset.cpp(37,3): error C2065: 'bs_empty': undeclared identifier [D:\projects\misis2023f-23-check\misis2024s-23-01-kalinkin-d-s\build.check\prj.check\prj.check\doctest_bitset\doctest_bitset.vcxproj]
     6>D:\projects\misis2023f-23-check\misis2024s-23-01-kalinkin-d-s\prj.check\prj.check\doctest_bitset\doctest_bitset.cpp(38,17): error C3861: 'BitSet': identifier not found [D:\projects\misis2023f-23-check\misis2024s-23-01-kalinkin-d-s\build.check\prj.check\prj.check\doctest_bitset\doctest_bitset.vcxproj]
     6>D:\projects\misis2023f-23-check\misis2024s-23-01-kalinkin-d-s\prj.check\prj.check\doctest_bitset\doctest_bitset.cpp(46,3): error C2065: 'BitSet': undeclared identifier [D:\projects\misis2023f-23-check\misis2024s-23-01-kalinkin-d-s\build.check\prj.check\prj.check\doctest_bitset\doctest_bitset.vcxproj]
     6>D:\projects\misis2023f-23-check\misis2024s-23-01-kalinkin-d-s\prj.check\prj.check\doctest_bitset\doctest_bitset.cpp(46,10): error C2146: syntax error: missing ';' before identifier 'bs_empty' [D:\projects\misis2023f-23-check\misis2024s-23-01-kalinkin-d-s\build.check\prj.check\prj.check\doctest_bitset\doctest_bitset.vcxproj]
     6>D:\projects\misis2023f-23-check\misis2024s-23-01-kalinkin-d-s\prj.check\prj.check\doctest_bitset\doctest_bitset.cpp(46,10): error C2065: 'bs_empty': undeclared identifier [D:\projects\misis2023f-23-check\misis2024s-23-01-kalinkin-d-s\build.check\prj.check\prj.check\doctest_bitset\doctest_bitset.vcxproj]
     6>D:\projects\misis2023f-23-check\misis2024s-23-01-kalinkin-d-s\prj.check\prj.check\doctest_bitset\doctest_bitset.cpp(47,3): error C2065: 'bs_empty': undeclared identifier [D:\projects\misis2023f-23-check\misis2024s-23-01-kalinkin-d-s\build.check\prj.check\prj.check\doctest_bitset\doctest_bitset.vcxproj]
     6>D:\projects\misis2023f-23-check\misis2024s-23-01-kalinkin-d-s\prj.check\prj.check\doctest_bitset\doctest_bitset.cpp(48,3): error C2065: 'bs_empty': undeclared identifier [D:\projects\misis2023f-23-check\misis2024s-23-01-kalinkin-d-s\build.check\prj.check\prj.check\doctest_bitset\doctest_bitset.vcxproj]
     6>D:\projects\misis2023f-23-check\misis2024s-23-01-kalinkin-d-s\prj.check\prj.check\doctest_bitset\doctest_bitset.cpp(49,3): error C2065: 'bs_empty': undeclared identifier [D:\projects\misis2023f-23-check\misis2024s-23-01-kalinkin-d-s\build.check\prj.check\prj.check\doctest_bitset\doctest_bitset.vcxproj]
     6>D:\projects\misis2023f-23-check\misis2024s-23-01-kalinkin-d-s\prj.check\prj.check\doctest_bitset\doctest_bitset.cpp(50,17): error C3861: 'BitSet': identifier not found [D:\projects\misis2023f-23-check\misis2024s-23-01-kalinkin-d-s\build.check\prj.check\prj.check\doctest_bitset\doctest_bitset.vcxproj]
     6>D:\projects\misis2023f-23-check\misis2024s-23-01-kalinkin-d-s\prj.check\prj.check\doctest_bitset\doctest_bitset.cpp(58,13): error C3861: 'BitSet': identifier not found [D:\projects\misis2023f-23-check\misis2024s-23-01-kalinkin-d-s\build.check\prj.check\prj.check\doctest_bitset\doctest_bitset.vcxproj]
     6>D:\projects\misis2023f-23-check\misis2024s-23-01-kalinkin-d-s\prj.check\prj.check\doctest_bitset\doctest_bitset.cpp(86,13): error C3861: 'BitSet': identifier not found [D:\projects\misis2023f-23-check\misis2024s-23-01-kalinkin-d-s\build.check\prj.check\prj.check\doctest_bitset\doctest_bitset.vcxproj]
     6>D:\projects\misis2023f-23-check\misis2024s-23-01-kalinkin-d-s\prj.check\prj.check\doctest_bitset\doctest_bitset.cpp(112,5): error C2065: 'BitSet': undeclared identifier [D:\projects\misis2023f-23-check\misis2024s-23-01-kalinkin-d-s\build.check\prj.check\prj.check\doctest_bitset\doctest_bitset.vcxproj]
     6>D:\projects\misis2023f-23-check\misis2024s-23-01-kalinkin-d-s\prj.check\prj.check\doctest_bitset\doctest_bitset.cpp(112,12): error C2146: syntax error: missing ';' before identifier 'st_orig' [D:\projects\misis2023f-23-check\misis2024s-23-01-kalinkin-d-s\build.check\prj.check\prj.check\doctest_bitset\doctest_bitset.vcxproj]
     6>D:\projects\misis2023f-23-check\misis2024s-23-01-kalinkin-d-s\prj.check\prj.check\doctest_bitset\doctest_bitset.cpp(112,12): error C2065: 'st_orig': undeclared identifier [D:\projects\misis2023f-23-check\misis2024s-23-01-kalinkin-d-s\build.check\prj.check\prj.check\doctest_bitset\doctest_bitset.vcxproj]
     6>D:\projects\misis2023f-23-check\misis2024s-23-01-kalinkin-d-s\prj.check\prj.check\doctest_bitset\doctest_bitset.cpp(113,5): error C2065: 'BitSet': undeclared identifier [D:\projects\misis2023f-23-check\misis2024s-23-01-kalinkin-d-s\build.check\prj.check\prj.check\doctest_bitset\doctest_bitset.vcxproj]
     6>D:\projects\misis2023f-23-check\misis2024s-23-01-kalinkin-d-s\prj.check\prj.check\doctest_bitset\doctest_bitset.cpp(113,12): error C2146: syntax error: missing ';' before identifier 'st_copy' [D:\projects\misis2023f-23-check\misis2024s-23-01-kalinkin-d-s\build.check\prj.check\prj.check\doctest_bitset\doctest_bitset.vcxproj]
     6>D:\projects\misis2023f-23-check\misis2024s-23-01-kalinkin-d-s\prj.check\prj.check\doctest_bitset\doctest_bitset.cpp(113,20): error C2065: 'st_orig': undeclared identifier [D:\projects\misis2023f-23-check\misis2024s-23-01-kalinkin-d-s\build.check\prj.check\prj.check\doctest_bitset\doctest_bitset.vcxproj]
     6>D:\projects\misis2023f-23-check\misis2024s-23-01-kalinkin-d-s\prj.check\prj.check\doctest_bitset\doctest_bitset.cpp(113,12): error C3861: 'st_copy': identifier not found [D:\projects\misis2023f-23-check\misis2024s-23-01-kalinkin-d-s\build.check\prj.check\prj.check\doctest_bitset\doctest_bitset.vcxproj]
     6>D:\projects\misis2023f-23-check\misis2024s-23-01-kalinkin-d-s\prj.check\prj.check\doctest_bitset\doctest_bitset.cpp(116,5): error C2065: 'BitSet': undeclared identifier [D:\projects\misis2023f-23-check\misis2024s-23-01-kalinkin-d-s\build.check\prj.check\prj.check\doctest_bitset\doctest_bitset.vcxproj]
     6>D:\projects\misis2023f-23-check\misis2024s-23-01-kalinkin-d-s\prj.check\prj.check\doctest_bitset\doctest_bitset.cpp(116,12): error C2146: syntax error: missing ';' before identifier 'st_orig' [D:\projects\misis2023f-23-check\misis2024s-23-01-kalinkin-d-s\build.check\prj.check\prj.check\doctest_bitset\doctest_bitset.vcxproj]
     6>D:\projects\misis2023f-23-check\misis2024s-23-01-kalinkin-d-s\prj.check\prj.check\doctest_bitset\doctest_bitset.cpp(116,12): error C3861: 'st_orig': identifier not found [D:\projects\misis2023f-23-check\misis2024s-23-01-kalinkin-d-s\build.check\prj.check\prj.check\doctest_bitset\doctest_bitset.vcxproj]
     6>D:\projects\misis2023f-23-check\misis2024s-23-01-kalinkin-d-s\prj.check\prj.check\doctest_bitset\doctest_bitset.cpp(117,5): error C2065: 'BitSet': undeclared identifier [D:\projects\misis2023f-23-check\misis2024s-23-01-kalinkin-d-s\build.check\prj.check\prj.check\doctest_bitset\doctest_bitset.vcxproj]
     6>D:\projects\misis2023f-23-check\misis2024s-23-01-kalinkin-d-s\prj.check\prj.check\doctest_bitset\doctest_bitset.cpp(117,12): error C2146: syntax error: missing ';' before identifier 'st_copy' [D:\projects\misis2023f-23-check\misis2024s-23-01-kalinkin-d-s\build.check\prj.check\prj.check\doctest_bitset\doctest_bitset.vcxproj]
     6>D:\projects\misis2023f-23-check\misis2024s-23-01-kalinkin-d-s\prj.check\prj.check\doctest_bitset\doctest_bitset.cpp(117,20): error C2065: 'st_orig': undeclared identifier [D:\projects\misis2023f-23-check\misis2024s-23-01-kalinkin-d-s\build.check\prj.check\prj.check\doctest_bitset\doctest_bitset.vcxproj]
     6>D:\projects\misis2023f-23-check\misis2024s-23-01-kalinkin-d-s\prj.check\prj.check\doctest_bitset\doctest_bitset.cpp(117,12): error C3861: 'st_copy': identifier not found [D:\projects\misis2023f-23-check\misis2024s-23-01-kalinkin-d-s\build.check\prj.check\prj.check\doctest_bitset\doctest_bitset.vcxproj]
     6>D:\projects\misis2023f-23-check\misis2024s-23-01-kalinkin-d-s\prj.check\prj.check\doctest_bitset\doctest_bitset.cpp(122,3): error C2065: 'BitSet': undeclared identifier [D:\projects\misis2023f-23-check\misis2024s-23-01-kalinkin-d-s\build.check\prj.check\prj.check\doctest_bitset\doctest_bitset.vcxproj]
     6>D:\projects\misis2023f-23-check\misis2024s-23-01-kalinkin-d-s\prj.check\prj.check\doctest_bitset\doctest_bitset.cpp(122,10): error C2146: syntax error: missing ';' before identifier 'st_orig' [D:\projects\misis2023f-23-check\misis2024s-23-01-kalinkin-d-s\build.check\prj.check\prj.check\doctest_bitset\doctest_bitset.vcxproj]
     6>D:\projects\misis2023f-23-check\misis2024s-23-01-kalinkin-d-s\prj.check\prj.check\doctest_bitset\doctest_bitset.cpp(122,10): error C3861: 'st_orig': identifier not found [D:\projects\misis2023f-23-check\misis2024s-23-01-kalinkin-d-s\build.check\prj.check\prj.check\doctest_bitset\doctest_bitset.vcxproj]
     6>D:\projects\misis2023f-23-check\misis2024s-23-01-kalinkin-d-s\prj.check\prj.check\doctest_bitset\doctest_bitset.cpp(123,3): error C2065: 'st_orig': undeclared identifier [D:\projects\misis2023f-23-check\misis2024s-23-01-kalinkin-d-s\build.check\prj.check\prj.check\doctest_bitset\doctest_bitset.vcxproj]
     6>D:\projects\misis2023f-23-check\misis2024s-23-01-kalinkin-d-s\prj.check\prj.check\doctest_bitset\doctest_bitset.cpp(124,12): error C2065: 'st_orig': undeclared identifier [D:\projects\misis2023f-23-check\misis2024s-23-01-kalinkin-d-s\build.check\prj.check\prj.check\doctest_bitset\doctest_bitset.vcxproj]
    11>D:\projects\misis2023f-23-check\misis2024s-23-01-kalinkin-d-s\prj.check\prj.check\doctest_complex\doctest_complex.cpp(66,3): error C2675: unary '-': 'Complex' does not define this operator or a conversion to a type acceptable to the predefined operator [D:\projects\misis2023f-23-check\misis2024s-23-01-kalinkin-d-s\build.check\prj.check\prj.check\doctest_complex\doctest_complex.vcxproj]
    11>D:\projects\misis2023f-23-check\misis2024s-23-01-kalinkin-d-s\prj.check\prj.check\doctest_complex\doctest_complex.cpp(66,3): error C2088: '-': illegal for struct [D:\projects\misis2023f-23-check\misis2024s-23-01-kalinkin-d-s\build.check\prj.check\prj.check\doctest_complex\doctest_complex.vcxproj]
    11>D:\projects\misis2023f-23-check\misis2024s-23-01-kalinkin-d-s\prj.check\prj.check\doctest_complex\doctest_complex.cpp(70,3): error C2675: unary '-': 'Complex' does not define this operator or a conversion to a type acceptable to the predefined operator [D:\projects\misis2023f-23-check\misis2024s-23-01-kalinkin-d-s\build.check\prj.check\prj.check\doctest_complex\doctest_complex.vcxproj]
    11>D:\projects\misis2023f-23-check\misis2024s-23-01-kalinkin-d-s\prj.check\prj.check\doctest_complex\doctest_complex.cpp(70,3): error C2088: '-': illegal for struct [D:\projects\misis2023f-23-check\misis2024s-23-01-kalinkin-d-s\build.check\prj.check\prj.check\doctest_complex\doctest_complex.vcxproj]
    20>D:\projects\misis2023f-23-check\misis2024s-23-01-kalinkin-d-s\prj.check\prj.check\doctest_rational\doctest_rational.cpp(29,3): error C2675: unary '-': 'Rational' does not define this operator or a conversion to a type acceptable to the predefined operator [D:\projects\misis2023f-23-check\misis2024s-23-01-kalinkin-d-s\build.check\prj.check\prj.check\doctest_rational\doctest_rational.vcxproj]
    20>D:\projects\misis2023f-23-check\misis2024s-23-01-kalinkin-d-s\prj.check\prj.check\doctest_rational\doctest_rational.cpp(29,3): error C2088: '-': illegal for class [D:\projects\misis2023f-23-check\misis2024s-23-01-kalinkin-d-s\build.check\prj.check\prj.check\doctest_rational\doctest_rational.vcxproj]
    20>D:\projects\misis2023f-23-check\misis2024s-23-01-kalinkin-d-s\prj.check\prj.check\doctest_rational\doctest_rational.cpp(29,3): error C2672: 'doctest::detail::ResultBuilder::binary_assert': no matching overloaded function found [D:\projects\misis2023f-23-check\misis2024s-23-01-kalinkin-d-s\build.check\prj.check\prj.check\doctest_rational\doctest_rational.vcxproj]
    20>D:\projects\misis2023f-23-check\misis2024s-23-01-kalinkin-d-s\prj.check\prj.check\doctest_rational\doctest_rational.cpp(30,3): error C2675: unary '-': 'Rational' does not define this operator or a conversion to a type acceptable to the predefined operator [D:\projects\misis2023f-23-check\misis2024s-23-01-kalinkin-d-s\build.check\prj.check\prj.check\doctest_rational\doctest_rational.vcxproj]
    20>D:\projects\misis2023f-23-check\misis2024s-23-01-kalinkin-d-s\prj.check\prj.check\doctest_rational\doctest_rational.cpp(30,3): error C2088: '-': illegal for class [D:\projects\misis2023f-23-check\misis2024s-23-01-kalinkin-d-s\build.check\prj.check\prj.check\doctest_rational\doctest_rational.vcxproj]
    20>D:\projects\misis2023f-23-check\misis2024s-23-01-kalinkin-d-s\prj.check\prj.check\doctest_rational\doctest_rational.cpp(30,3): error C2672: 'doctest::detail::ResultBuilder::binary_assert': no matching overloaded function found [D:\projects\misis2023f-23-check\misis2024s-23-01-kalinkin-d-s\build.check\prj.check\prj.check\doctest_rational\doctest_rational.vcxproj]
    20>D:\projects\misis2023f-23-check\misis2024s-23-01-kalinkin-d-s\prj.check\prj.check\doctest_rational\doctest_rational.cpp(31,3): error C2675: unary '-': 'Rational' does not define this operator or a conversion to a type acceptable to the predefined operator [D:\projects\misis2023f-23-check\misis2024s-23-01-kalinkin-d-s\build.check\prj.check\prj.check\doctest_rational\doctest_rational.vcxproj]
    20>D:\projects\misis2023f-23-check\misis2024s-23-01-kalinkin-d-s\prj.check\prj.check\doctest_rational\doctest_rational.cpp(31,3): error C2088: '-': illegal for class [D:\projects\misis2023f-23-check\misis2024s-23-01-kalinkin-d-s\build.check\prj.check\prj.check\doctest_rational\doctest_rational.vcxproj]
    20>D:\projects\misis2023f-23-check\misis2024s-23-01-kalinkin-d-s\prj.check\prj.check\doctest_rational\doctest_rational.cpp(31,3): error C2672: 'doctest::detail::ResultBuilder::binary_assert': no matching overloaded function found [D:\projects\misis2023f-23-check\misis2024s-23-01-kalinkin-d-s\build.check\prj.check\prj.check\doctest_rational\doctest_rational.vcxproj]
