    27>D:\projects\misis2023f-23-check\misis2024s-23-01-kalinkin-d-s\prj.lab\dynarr\dynarr.cpp(7,1): error C4716: DynArr::operator[]: должна возвращать значение [D:\projects\misis2023f-23-check\misis2024s-23-01-kalinkin-d-s\build.check\prj.lab\dynarr\dynarr.vcxproj]
    37>LINK : fatal error LNK1181: не удается открыть входной файл "queuelstt.lib" [D:\projects\misis2023f-23-check\misis2024s-23-01-kalinkin-d-s\build.check\prj.test\test_queuelstt.vcxproj]
    34>LINK : fatal error LNK1181: не удается открыть входной файл "queuearrt.lib" [D:\projects\misis2023f-23-check\misis2024s-23-01-kalinkin-d-s\build.check\prj.test\test_queuearrt.vcxproj]
    42>LINK : fatal error LNK1181: не удается открыть входной файл "stackarrt.lib" [D:\projects\misis2023f-23-check\misis2024s-23-01-kalinkin-d-s\build.check\prj.test\test_stackarrt.vcxproj]
    43>MSVCRT.lib(exe_main.obj) : error LNK2019: ссылка на неразрешенный внешний символ main в функции "int __cdecl __scrt_common_main_seh(void)" (?__scrt_common_main_seh@@YAHXZ). [D:\projects\misis2023f-23-check\misis2024s-23-01-kalinkin-d-s\build.check\prj.app\timing_q\timing_q.vcxproj]
    43>D:\projects\misis2023f-23-check\misis2024s-23-01-kalinkin-d-s\build.check\prj.app\timing_q\bin.rel\timing_q.exe : fatal error LNK1120: неразрешенных внешних элементов: 1 [D:\projects\misis2023f-23-check\misis2024s-23-01-kalinkin-d-s\build.check\prj.app\timing_q\timing_q.vcxproj]
    13>D:\projects\misis2023f-23-check\misis2024s-23-01-kalinkin-d-s\prj.check\prj.check\doctest_bitset\doctest_bitset.cpp(13,13): error C3861: BitSet: идентификатор не найден [D:\projects\misis2023f-23-check\misis2024s-23-01-kalinkin-d-s\build.check\prj.check\prj.check\doctest_bitset\doctest_bitset.vcxproj]
    13>D:\projects\misis2023f-23-check\misis2024s-23-01-kalinkin-d-s\prj.check\prj.check\doctest_bitset\doctest_bitset.cpp(16,13): error C2530: b2: ссылки должны быть инициализированы [D:\projects\misis2023f-23-check\misis2024s-23-01-kalinkin-d-s\build.check\prj.check\prj.check\doctest_bitset\doctest_bitset.vcxproj]
    13>D:\projects\misis2023f-23-check\misis2024s-23-01-kalinkin-d-s\prj.check\prj.check\doctest_bitset\doctest_bitset.cpp(20,3): error C2065: BitSet: необъявленный идентификатор [D:\projects\misis2023f-23-check\misis2024s-23-01-kalinkin-d-s\build.check\prj.check\prj.check\doctest_bitset\doctest_bitset.vcxproj]
    13>D:\projects\misis2023f-23-check\misis2024s-23-01-kalinkin-d-s\prj.check\prj.check\doctest_bitset\doctest_bitset.cpp(20,10): error C2146: синтаксическая ошибка: отсутствие ";" перед идентификатором "bs_empty" [D:\projects\misis2023f-23-check\misis2024s-23-01-kalinkin-d-s\build.check\prj.check\prj.check\doctest_bitset\doctest_bitset.vcxproj]
    13>D:\projects\misis2023f-23-check\misis2024s-23-01-kalinkin-d-s\prj.check\prj.check\doctest_bitset\doctest_bitset.cpp(20,10): error C2065: bs_empty: необъявленный идентификатор [D:\projects\misis2023f-23-check\misis2024s-23-01-kalinkin-d-s\build.check\prj.check\prj.check\doctest_bitset\doctest_bitset.vcxproj]
    13>D:\projects\misis2023f-23-check\misis2024s-23-01-kalinkin-d-s\prj.check\prj.check\doctest_bitset\doctest_bitset.cpp(21,3): error C2065: bs_empty: необъявленный идентификатор [D:\projects\misis2023f-23-check\misis2024s-23-01-kalinkin-d-s\build.check\prj.check\prj.check\doctest_bitset\doctest_bitset.vcxproj]
    13>D:\projects\misis2023f-23-check\misis2024s-23-01-kalinkin-d-s\prj.check\prj.check\doctest_bitset\doctest_bitset.cpp(21,3): error C2672: "doctest::detail::ResultBuilder::binary_assert": не найдена соответствующая перегруженная функция [D:\projects\misis2023f-23-check\misis2024s-23-01-kalinkin-d-s\build.check\prj.check\prj.check\doctest_bitset\doctest_bitset.vcxproj]
    13>D:\projects\misis2023f-23-check\misis2024s-23-01-kalinkin-d-s\prj.check\prj.check\doctest_bitset\doctest_bitset.cpp(22,17): error C3861: BitSet: идентификатор не найден [D:\projects\misis2023f-23-check\misis2024s-23-01-kalinkin-d-s\build.check\prj.check\prj.check\doctest_bitset\doctest_bitset.vcxproj]
    13>D:\projects\misis2023f-23-check\misis2024s-23-01-kalinkin-d-s\prj.check\prj.check\doctest_bitset\doctest_bitset.cpp(23,3): error C2672: "doctest::detail::ResultBuilder::binary_assert": не найдена соответствующая перегруженная функция [D:\projects\misis2023f-23-check\misis2024s-23-01-kalinkin-d-s\build.check\prj.check\prj.check\doctest_bitset\doctest_bitset.vcxproj]
    13>D:\projects\misis2023f-23-check\misis2024s-23-01-kalinkin-d-s\prj.check\prj.check\doctest_bitset\doctest_bitset.cpp(27,3): error C2065: BitSet: необъявленный идентификатор [D:\projects\misis2023f-23-check\misis2024s-23-01-kalinkin-d-s\build.check\prj.check\prj.check\doctest_bitset\doctest_bitset.vcxproj]
    13>D:\projects\misis2023f-23-check\misis2024s-23-01-kalinkin-d-s\prj.check\prj.check\doctest_bitset\doctest_bitset.cpp(27,10): error C2146: синтаксическая ошибка: отсутствие ";" перед идентификатором "bs_empty" [D:\projects\misis2023f-23-check\misis2024s-23-01-kalinkin-d-s\build.check\prj.check\prj.check\doctest_bitset\doctest_bitset.vcxproj]
    13>D:\projects\misis2023f-23-check\misis2024s-23-01-kalinkin-d-s\prj.check\prj.check\doctest_bitset\doctest_bitset.cpp(27,10): error C2065: bs_empty: необъявленный идентификатор [D:\projects\misis2023f-23-check\misis2024s-23-01-kalinkin-d-s\build.check\prj.check\prj.check\doctest_bitset\doctest_bitset.vcxproj]
    13>D:\projects\misis2023f-23-check\misis2024s-23-01-kalinkin-d-s\prj.check\prj.check\doctest_bitset\doctest_bitset.cpp(28,3): error C2065: bs_empty: необъявленный идентификатор [D:\projects\misis2023f-23-check\misis2024s-23-01-kalinkin-d-s\build.check\prj.check\prj.check\doctest_bitset\doctest_bitset.vcxproj]
    13>D:\projects\misis2023f-23-check\misis2024s-23-01-kalinkin-d-s\prj.check\prj.check\doctest_bitset\doctest_bitset.cpp(28,3): error C2672: "doctest::detail::ResultBuilder::binary_assert": не найдена соответствующая перегруженная функция [D:\projects\misis2023f-23-check\misis2024s-23-01-kalinkin-d-s\build.check\prj.check\prj.check\doctest_bitset\doctest_bitset.vcxproj]
    13>D:\projects\misis2023f-23-check\misis2024s-23-01-kalinkin-d-s\prj.check\prj.check\doctest_bitset\doctest_bitset.cpp(29,17): error C3861: BitSet: идентификатор не найден [D:\projects\misis2023f-23-check\misis2024s-23-01-kalinkin-d-s\build.check\prj.check\prj.check\doctest_bitset\doctest_bitset.vcxproj]
    13>D:\projects\misis2023f-23-check\misis2024s-23-01-kalinkin-d-s\prj.check\prj.check\doctest_bitset\doctest_bitset.cpp(30,3): error C2672: "doctest::detail::ResultBuilder::binary_assert": не найдена соответствующая перегруженная функция [D:\projects\misis2023f-23-check\misis2024s-23-01-kalinkin-d-s\build.check\prj.check\prj.check\doctest_bitset\doctest_bitset.vcxproj]
    13>D:\projects\misis2023f-23-check\misis2024s-23-01-kalinkin-d-s\prj.check\prj.check\doctest_bitset\doctest_bitset.cpp(34,3): error C2065: BitSet: необъявленный идентификатор [D:\projects\misis2023f-23-check\misis2024s-23-01-kalinkin-d-s\build.check\prj.check\prj.check\doctest_bitset\doctest_bitset.vcxproj]
    13>D:\projects\misis2023f-23-check\misis2024s-23-01-kalinkin-d-s\prj.check\prj.check\doctest_bitset\doctest_bitset.cpp(34,10): error C2146: синтаксическая ошибка: отсутствие ";" перед идентификатором "bs_empty" [D:\projects\misis2023f-23-check\misis2024s-23-01-kalinkin-d-s\build.check\prj.check\prj.check\doctest_bitset\doctest_bitset.vcxproj]
    13>D:\projects\misis2023f-23-check\misis2024s-23-01-kalinkin-d-s\prj.check\prj.check\doctest_bitset\doctest_bitset.cpp(34,10): error C2065: bs_empty: необъявленный идентификатор [D:\projects\misis2023f-23-check\misis2024s-23-01-kalinkin-d-s\build.check\prj.check\prj.check\doctest_bitset\doctest_bitset.vcxproj]
    13>D:\projects\misis2023f-23-check\misis2024s-23-01-kalinkin-d-s\prj.check\prj.check\doctest_bitset\doctest_bitset.cpp(35,3): error C2065: bs_empty: необъявленный идентификатор [D:\projects\misis2023f-23-check\misis2024s-23-01-kalinkin-d-s\build.check\prj.check\prj.check\doctest_bitset\doctest_bitset.vcxproj]
    13>D:\projects\misis2023f-23-check\misis2024s-23-01-kalinkin-d-s\prj.check\prj.check\doctest_bitset\doctest_bitset.cpp(36,3): error C2065: bs_empty: необъявленный идентификатор [D:\projects\misis2023f-23-check\misis2024s-23-01-kalinkin-d-s\build.check\prj.check\prj.check\doctest_bitset\doctest_bitset.vcxproj]
    13>D:\projects\misis2023f-23-check\misis2024s-23-01-kalinkin-d-s\prj.check\prj.check\doctest_bitset\doctest_bitset.cpp(37,3): error C2065: bs_empty: необъявленный идентификатор [D:\projects\misis2023f-23-check\misis2024s-23-01-kalinkin-d-s\build.check\prj.check\prj.check\doctest_bitset\doctest_bitset.vcxproj]
    13>D:\projects\misis2023f-23-check\misis2024s-23-01-kalinkin-d-s\prj.check\prj.check\doctest_bitset\doctest_bitset.cpp(38,17): error C3861: BitSet: идентификатор не найден [D:\projects\misis2023f-23-check\misis2024s-23-01-kalinkin-d-s\build.check\prj.check\prj.check\doctest_bitset\doctest_bitset.vcxproj]
    13>D:\projects\misis2023f-23-check\misis2024s-23-01-kalinkin-d-s\prj.check\prj.check\doctest_bitset\doctest_bitset.cpp(46,3): error C2065: BitSet: необъявленный идентификатор [D:\projects\misis2023f-23-check\misis2024s-23-01-kalinkin-d-s\build.check\prj.check\prj.check\doctest_bitset\doctest_bitset.vcxproj]
    13>D:\projects\misis2023f-23-check\misis2024s-23-01-kalinkin-d-s\prj.check\prj.check\doctest_bitset\doctest_bitset.cpp(46,10): error C2146: синтаксическая ошибка: отсутствие ";" перед идентификатором "bs_empty" [D:\projects\misis2023f-23-check\misis2024s-23-01-kalinkin-d-s\build.check\prj.check\prj.check\doctest_bitset\doctest_bitset.vcxproj]
    13>D:\projects\misis2023f-23-check\misis2024s-23-01-kalinkin-d-s\prj.check\prj.check\doctest_bitset\doctest_bitset.cpp(46,10): error C2065: bs_empty: необъявленный идентификатор [D:\projects\misis2023f-23-check\misis2024s-23-01-kalinkin-d-s\build.check\prj.check\prj.check\doctest_bitset\doctest_bitset.vcxproj]
    13>D:\projects\misis2023f-23-check\misis2024s-23-01-kalinkin-d-s\prj.check\prj.check\doctest_bitset\doctest_bitset.cpp(47,3): error C2065: bs_empty: необъявленный идентификатор [D:\projects\misis2023f-23-check\misis2024s-23-01-kalinkin-d-s\build.check\prj.check\prj.check\doctest_bitset\doctest_bitset.vcxproj]
    13>D:\projects\misis2023f-23-check\misis2024s-23-01-kalinkin-d-s\prj.check\prj.check\doctest_bitset\doctest_bitset.cpp(48,3): error C2065: bs_empty: необъявленный идентификатор [D:\projects\misis2023f-23-check\misis2024s-23-01-kalinkin-d-s\build.check\prj.check\prj.check\doctest_bitset\doctest_bitset.vcxproj]
    13>D:\projects\misis2023f-23-check\misis2024s-23-01-kalinkin-d-s\prj.check\prj.check\doctest_bitset\doctest_bitset.cpp(49,3): error C2065: bs_empty: необъявленный идентификатор [D:\projects\misis2023f-23-check\misis2024s-23-01-kalinkin-d-s\build.check\prj.check\prj.check\doctest_bitset\doctest_bitset.vcxproj]
    13>D:\projects\misis2023f-23-check\misis2024s-23-01-kalinkin-d-s\prj.check\prj.check\doctest_bitset\doctest_bitset.cpp(50,17): error C3861: BitSet: идентификатор не найден [D:\projects\misis2023f-23-check\misis2024s-23-01-kalinkin-d-s\build.check\prj.check\prj.check\doctest_bitset\doctest_bitset.vcxproj]
    13>D:\projects\misis2023f-23-check\misis2024s-23-01-kalinkin-d-s\prj.check\prj.check\doctest_bitset\doctest_bitset.cpp(58,13): error C3861: BitSet: идентификатор не найден [D:\projects\misis2023f-23-check\misis2024s-23-01-kalinkin-d-s\build.check\prj.check\prj.check\doctest_bitset\doctest_bitset.vcxproj]
    13>D:\projects\misis2023f-23-check\misis2024s-23-01-kalinkin-d-s\prj.check\prj.check\doctest_bitset\doctest_bitset.cpp(86,13): error C3861: BitSet: идентификатор не найден [D:\projects\misis2023f-23-check\misis2024s-23-01-kalinkin-d-s\build.check\prj.check\prj.check\doctest_bitset\doctest_bitset.vcxproj]
    13>D:\projects\misis2023f-23-check\misis2024s-23-01-kalinkin-d-s\prj.check\prj.check\doctest_bitset\doctest_bitset.cpp(116,13): error C3861: BitSet: идентификатор не найден [D:\projects\misis2023f-23-check\misis2024s-23-01-kalinkin-d-s\build.check\prj.check\prj.check\doctest_bitset\doctest_bitset.vcxproj]
    13>D:\projects\misis2023f-23-check\misis2024s-23-01-kalinkin-d-s\prj.check\prj.check\doctest_bitset\doctest_bitset.cpp(130,3): error C2672: "std::move": не найдена соответствующая перегруженная функция [D:\projects\misis2023f-23-check\misis2024s-23-01-kalinkin-d-s\build.check\prj.check\prj.check\doctest_bitset\doctest_bitset.vcxproj]
     7>D:\projects\misis2023f-23-check\misis2024s-23-01-kalinkin-d-s\prj.check\prj.check\doctest_bitset\doctest_bitset_moveable.cpp(9,3): error C2065: BitSet: необъявленный идентификатор [D:\projects\misis2023f-23-check\misis2024s-23-01-kalinkin-d-s\build.check\prj.check\prj.check\doctest_bitset\doctest_bitset_m.vcxproj]
    13>D:\projects\misis2023f-23-check\misis2024s-23-01-kalinkin-d-s\prj.check\prj.check\doctest_bitset\doctest_bitset.cpp(138,5): error C2065: BitSet: необъявленный идентификатор [D:\projects\misis2023f-23-check\misis2024s-23-01-kalinkin-d-s\build.check\prj.check\prj.check\doctest_bitset\doctest_bitset.vcxproj]
    13>D:\projects\misis2023f-23-check\misis2024s-23-01-kalinkin-d-s\prj.check\prj.check\doctest_bitset\doctest_bitset.cpp(138,12): error C2146: синтаксическая ошибка: отсутствие ";" перед идентификатором "st_orig" [D:\projects\misis2023f-23-check\misis2024s-23-01-kalinkin-d-s\build.check\prj.check\prj.check\doctest_bitset\doctest_bitset.vcxproj]
    13>D:\projects\misis2023f-23-check\misis2024s-23-01-kalinkin-d-s\prj.check\prj.check\doctest_bitset\doctest_bitset.cpp(138,12): error C2065: st_orig: необъявленный идентификатор [D:\projects\misis2023f-23-check\misis2024s-23-01-kalinkin-d-s\build.check\prj.check\prj.check\doctest_bitset\doctest_bitset.vcxproj]
    13>D:\projects\misis2023f-23-check\misis2024s-23-01-kalinkin-d-s\prj.check\prj.check\doctest_bitset\doctest_bitset.cpp(139,5): error C2065: BitSet: необъявленный идентификатор [D:\projects\misis2023f-23-check\misis2024s-23-01-kalinkin-d-s\build.check\prj.check\prj.check\doctest_bitset\doctest_bitset.vcxproj]
    13>D:\projects\misis2023f-23-check\misis2024s-23-01-kalinkin-d-s\prj.check\prj.check\doctest_bitset\doctest_bitset.cpp(139,12): error C2146: синтаксическая ошибка: отсутствие ";" перед идентификатором "st_copy" [D:\projects\misis2023f-23-check\misis2024s-23-01-kalinkin-d-s\build.check\prj.check\prj.check\doctest_bitset\doctest_bitset.vcxproj]
    13>D:\projects\misis2023f-23-check\misis2024s-23-01-kalinkin-d-s\prj.check\prj.check\doctest_bitset\doctest_bitset.cpp(139,20): error C2065: st_orig: необъявленный идентификатор [D:\projects\misis2023f-23-check\misis2024s-23-01-kalinkin-d-s\build.check\prj.check\prj.check\doctest_bitset\doctest_bitset.vcxproj]
    13>D:\projects\misis2023f-23-check\misis2024s-23-01-kalinkin-d-s\prj.check\prj.check\doctest_bitset\doctest_bitset.cpp(139,12): error C3861: st_copy: идентификатор не найден [D:\projects\misis2023f-23-check\misis2024s-23-01-kalinkin-d-s\build.check\prj.check\prj.check\doctest_bitset\doctest_bitset.vcxproj]
    13>D:\projects\misis2023f-23-check\misis2024s-23-01-kalinkin-d-s\prj.check\prj.check\doctest_bitset\doctest_bitset.cpp(142,5): error C2065: BitSet: необъявленный идентификатор [D:\projects\misis2023f-23-check\misis2024s-23-01-kalinkin-d-s\build.check\prj.check\prj.check\doctest_bitset\doctest_bitset.vcxproj]
    13>D:\projects\misis2023f-23-check\misis2024s-23-01-kalinkin-d-s\prj.check\prj.check\doctest_bitset\doctest_bitset.cpp(142,12): error C2146: синтаксическая ошибка: отсутствие ";" перед идентификатором "st_orig" [D:\projects\misis2023f-23-check\misis2024s-23-01-kalinkin-d-s\build.check\prj.check\prj.check\doctest_bitset\doctest_bitset.vcxproj]
    13>D:\projects\misis2023f-23-check\misis2024s-23-01-kalinkin-d-s\prj.check\prj.check\doctest_bitset\doctest_bitset.cpp(142,12): error C3861: st_orig: идентификатор не найден [D:\projects\misis2023f-23-check\misis2024s-23-01-kalinkin-d-s\build.check\prj.check\prj.check\doctest_bitset\doctest_bitset.vcxproj]
    13>D:\projects\misis2023f-23-check\misis2024s-23-01-kalinkin-d-s\prj.check\prj.check\doctest_bitset\doctest_bitset.cpp(143,5): error C2065: BitSet: необъявленный идентификатор [D:\projects\misis2023f-23-check\misis2024s-23-01-kalinkin-d-s\build.check\prj.check\prj.check\doctest_bitset\doctest_bitset.vcxproj]
    13>D:\projects\misis2023f-23-check\misis2024s-23-01-kalinkin-d-s\prj.check\prj.check\doctest_bitset\doctest_bitset.cpp(143,12): error C2146: синтаксическая ошибка: отсутствие ";" перед идентификатором "st_copy" [D:\projects\misis2023f-23-check\misis2024s-23-01-kalinkin-d-s\build.check\prj.check\prj.check\doctest_bitset\doctest_bitset.vcxproj]
    13>D:\projects\misis2023f-23-check\misis2024s-23-01-kalinkin-d-s\prj.check\prj.check\doctest_bitset\doctest_bitset.cpp(143,20): error C2065: st_orig: необъявленный идентификатор [D:\projects\misis2023f-23-check\misis2024s-23-01-kalinkin-d-s\build.check\prj.check\prj.check\doctest_bitset\doctest_bitset.vcxproj]
    13>D:\projects\misis2023f-23-check\misis2024s-23-01-kalinkin-d-s\prj.check\prj.check\doctest_bitset\doctest_bitset.cpp(143,12): error C3861: st_copy: идентификатор не найден [D:\projects\misis2023f-23-check\misis2024s-23-01-kalinkin-d-s\build.check\prj.check\prj.check\doctest_bitset\doctest_bitset.vcxproj]
    13>D:\projects\misis2023f-23-check\misis2024s-23-01-kalinkin-d-s\prj.check\prj.check\doctest_bitset\doctest_bitset.cpp(148,3): error C2065: BitSet: необъявленный идентификатор [D:\projects\misis2023f-23-check\misis2024s-23-01-kalinkin-d-s\build.check\prj.check\prj.check\doctest_bitset\doctest_bitset.vcxproj]
    13>D:\projects\misis2023f-23-check\misis2024s-23-01-kalinkin-d-s\prj.check\prj.check\doctest_bitset\doctest_bitset.cpp(148,10): error C2146: синтаксическая ошибка: отсутствие ";" перед идентификатором "st_orig" [D:\projects\misis2023f-23-check\misis2024s-23-01-kalinkin-d-s\build.check\prj.check\prj.check\doctest_bitset\doctest_bitset.vcxproj]
    13>D:\projects\misis2023f-23-check\misis2024s-23-01-kalinkin-d-s\prj.check\prj.check\doctest_bitset\doctest_bitset.cpp(148,10): error C3861: st_orig: идентификатор не найден [D:\projects\misis2023f-23-check\misis2024s-23-01-kalinkin-d-s\build.check\prj.check\prj.check\doctest_bitset\doctest_bitset.vcxproj]
    13>D:\projects\misis2023f-23-check\misis2024s-23-01-kalinkin-d-s\prj.check\prj.check\doctest_bitset\doctest_bitset.cpp(149,3): error C2065: st_orig: необъявленный идентификатор [D:\projects\misis2023f-23-check\misis2024s-23-01-kalinkin-d-s\build.check\prj.check\prj.check\doctest_bitset\doctest_bitset.vcxproj]
    13>D:\projects\misis2023f-23-check\misis2024s-23-01-kalinkin-d-s\prj.check\prj.check\doctest_bitset\doctest_bitset.cpp(150,12): error C2065: st_orig: необъявленный идентификатор [D:\projects\misis2023f-23-check\misis2024s-23-01-kalinkin-d-s\build.check\prj.check\prj.check\doctest_bitset\doctest_bitset.vcxproj]
     7>D:\projects\misis2023f-23-check\misis2024s-23-01-kalinkin-d-s\prj.check\prj.check\doctest_bitset\doctest_bitset_moveable.cpp(9,10): error C2146: синтаксическая ошибка: отсутствие ";" перед идентификатором "b0" [D:\projects\misis2023f-23-check\misis2024s-23-01-kalinkin-d-s\build.check\prj.check\prj.check\doctest_bitset\doctest_bitset_m.vcxproj]
     7>D:\projects\misis2023f-23-check\misis2024s-23-01-kalinkin-d-s\prj.check\prj.check\doctest_bitset\doctest_bitset_moveable.cpp(9,10): error C3861: b0: идентификатор не найден [D:\projects\misis2023f-23-check\misis2024s-23-01-kalinkin-d-s\build.check\prj.check\prj.check\doctest_bitset\doctest_bitset_m.vcxproj]
     7>D:\projects\misis2023f-23-check\misis2024s-23-01-kalinkin-d-s\prj.check\prj.check\doctest_bitset\doctest_bitset_moveable.cpp(10,3): error C2065: BitSet: необъявленный идентификатор [D:\projects\misis2023f-23-check\misis2024s-23-01-kalinkin-d-s\build.check\prj.check\prj.check\doctest_bitset\doctest_bitset_m.vcxproj]
     7>D:\projects\misis2023f-23-check\misis2024s-23-01-kalinkin-d-s\prj.check\prj.check\doctest_bitset\doctest_bitset_moveable.cpp(10,10): error C2146: синтаксическая ошибка: отсутствие ";" перед идентификатором "b1" [D:\projects\misis2023f-23-check\misis2024s-23-01-kalinkin-d-s\build.check\prj.check\prj.check\doctest_bitset\doctest_bitset_m.vcxproj]
     7>D:\projects\misis2023f-23-check\misis2024s-23-01-kalinkin-d-s\prj.check\prj.check\doctest_bitset\doctest_bitset_moveable.cpp(10,10): error C2065: b1: необъявленный идентификатор [D:\projects\misis2023f-23-check\misis2024s-23-01-kalinkin-d-s\build.check\prj.check\prj.check\doctest_bitset\doctest_bitset_m.vcxproj]
     7>D:\projects\misis2023f-23-check\misis2024s-23-01-kalinkin-d-s\prj.check\prj.check\doctest_bitset\doctest_bitset_moveable.cpp(10,25): error C2065: b0: необъявленный идентификатор [D:\projects\misis2023f-23-check\misis2024s-23-01-kalinkin-d-s\build.check\prj.check\prj.check\doctest_bitset\doctest_bitset_m.vcxproj]
    14>D:\projects\misis2023f-23-check\misis2024s-23-01-kalinkin-d-s\prj.check\prj.check\doctest_complex\doctest_complex.cpp(66,3): error C2675: унарный "-": "Complex" не определяет этот оператор или преобразование к типу приемлемо к встроенному оператору [D:\projects\misis2023f-23-check\misis2024s-23-01-kalinkin-d-s\build.check\prj.check\prj.check\doctest_complex\doctest_complex.vcxproj]
     7>D:\projects\misis2023f-23-check\misis2024s-23-01-kalinkin-d-s\prj.check\prj.check\doctest_bitset\doctest_bitset_moveable.cpp(11,3): error C2065: BitSet: необъявленный идентификатор [D:\projects\misis2023f-23-check\misis2024s-23-01-kalinkin-d-s\build.check\prj.check\prj.check\doctest_bitset\doctest_bitset_m.vcxproj]
     7>D:\projects\misis2023f-23-check\misis2024s-23-01-kalinkin-d-s\prj.check\prj.check\doctest_bitset\doctest_bitset_moveable.cpp(11,3): error C2923: std::is_nothrow_move_assignable: "BitSet" не является допустимым аргументом типа шаблон для параметра "_Ty" [D:\projects\misis2023f-23-check\misis2024s-23-01-kalinkin-d-s\build.check\prj.check\prj.check\doctest_bitset\doctest_bitset_m.vcxproj]
    14>D:\projects\misis2023f-23-check\misis2024s-23-01-kalinkin-d-s\prj.check\prj.check\doctest_complex\doctest_complex.cpp(66,3): error C2088: встроенный оператор "-" не может быть применен к операнду типа "Complex" [D:\projects\misis2023f-23-check\misis2024s-23-01-kalinkin-d-s\build.check\prj.check\prj.check\doctest_complex\doctest_complex.vcxproj]
    14>D:\projects\misis2023f-23-check\misis2024s-23-01-kalinkin-d-s\prj.check\prj.check\doctest_complex\doctest_complex.cpp(70,3): error C2675: унарный "-": "Complex" не определяет этот оператор или преобразование к типу приемлемо к встроенному оператору [D:\projects\misis2023f-23-check\misis2024s-23-01-kalinkin-d-s\build.check\prj.check\prj.check\doctest_complex\doctest_complex.vcxproj]
    14>D:\projects\misis2023f-23-check\misis2024s-23-01-kalinkin-d-s\prj.check\prj.check\doctest_complex\doctest_complex.cpp(70,3): error C2088: встроенный оператор "-" не может быть применен к операнду типа "Complex" [D:\projects\misis2023f-23-check\misis2024s-23-01-kalinkin-d-s\build.check\prj.check\prj.check\doctest_complex\doctest_complex.vcxproj]
     7>D:\projects\misis2023f-23-check\misis2024s-23-01-kalinkin-d-s\prj.check\prj.check\doctest_bitset\doctest_bitset_moveable.cpp(11,3): error C2955: "std::is_nothrow_move_assignable": для использования класс шаблон требуется список аргументов шаблон [D:\projects\misis2023f-23-check\misis2024s-23-01-kalinkin-d-s\build.check\prj.check\prj.check\doctest_bitset\doctest_bitset_m.vcxproj]
     7>D:\projects\misis2023f-23-check\misis2024s-23-01-kalinkin-d-s\prj.check\prj.check\doctest_bitset\doctest_bitset_moveable.cpp(11,3): error C2039: "value": не является членом "std::is_nothrow_move_assignable<_Ty>". [D:\projects\misis2023f-23-check\misis2024s-23-01-kalinkin-d-s\build.check\prj.check\prj.check\doctest_bitset\doctest_bitset_m.vcxproj]
     7>D:\projects\misis2023f-23-check\misis2024s-23-01-kalinkin-d-s\prj.check\prj.check\doctest_bitset\doctest_bitset_moveable.cpp(11,3): error C2065: value: необъявленный идентификатор [D:\projects\misis2023f-23-check\misis2024s-23-01-kalinkin-d-s\build.check\prj.check\prj.check\doctest_bitset\doctest_bitset_m.vcxproj]
     7>D:\projects\misis2023f-23-check\misis2024s-23-01-kalinkin-d-s\prj.check\prj.check\doctest_bitset\doctest_bitset_moveable.cpp(12,3): error C2065: BitSet: необъявленный идентификатор [D:\projects\misis2023f-23-check\misis2024s-23-01-kalinkin-d-s\build.check\prj.check\prj.check\doctest_bitset\doctest_bitset_m.vcxproj]
     7>D:\projects\misis2023f-23-check\misis2024s-23-01-kalinkin-d-s\prj.check\prj.check\doctest_bitset\doctest_bitset_moveable.cpp(12,3): error C2923: std::is_nothrow_move_constructible: "BitSet" не является допустимым аргументом типа шаблон для параметра "_Ty" [D:\projects\misis2023f-23-check\misis2024s-23-01-kalinkin-d-s\build.check\prj.check\prj.check\doctest_bitset\doctest_bitset_m.vcxproj]
     7>D:\projects\misis2023f-23-check\misis2024s-23-01-kalinkin-d-s\prj.check\prj.check\doctest_bitset\doctest_bitset_moveable.cpp(12,3): error C2955: "std::is_nothrow_move_constructible": для использования класс шаблон требуется список аргументов шаблон [D:\projects\misis2023f-23-check\misis2024s-23-01-kalinkin-d-s\build.check\prj.check\prj.check\doctest_bitset\doctest_bitset_m.vcxproj]
     7>D:\projects\misis2023f-23-check\misis2024s-23-01-kalinkin-d-s\prj.check\prj.check\doctest_bitset\doctest_bitset_moveable.cpp(12,3): error C2039: "value": не является членом "std::is_nothrow_move_constructible<_Ty>". [D:\projects\misis2023f-23-check\misis2024s-23-01-kalinkin-d-s\build.check\prj.check\prj.check\doctest_bitset\doctest_bitset_m.vcxproj]
     7>D:\projects\misis2023f-23-check\misis2024s-23-01-kalinkin-d-s\prj.check\prj.check\doctest_bitset\doctest_bitset_moveable.cpp(12,3): error C2065: value: необъявленный идентификатор [D:\projects\misis2023f-23-check\misis2024s-23-01-kalinkin-d-s\build.check\prj.check\prj.check\doctest_bitset\doctest_bitset_m.vcxproj]
    18>D:\projects\misis2023f-23-check\misis2024s-23-01-kalinkin-d-s\prj.check\prj.check\doctest_rational\doctest_rational.cpp(29,3): error C2675: унарный "-": "Rational" не определяет этот оператор или преобразование к типу приемлемо к встроенному оператору [D:\projects\misis2023f-23-check\misis2024s-23-01-kalinkin-d-s\build.check\prj.check\prj.check\doctest_rational\doctest_rational.vcxproj]
    18>D:\projects\misis2023f-23-check\misis2024s-23-01-kalinkin-d-s\prj.check\prj.check\doctest_rational\doctest_rational.cpp(29,3): error C2088: встроенный оператор "-" не может быть применен к операнду типа "Rational" [D:\projects\misis2023f-23-check\misis2024s-23-01-kalinkin-d-s\build.check\prj.check\prj.check\doctest_rational\doctest_rational.vcxproj]
    18>D:\projects\misis2023f-23-check\misis2024s-23-01-kalinkin-d-s\prj.check\prj.check\doctest_rational\doctest_rational.cpp(29,3): error C2672: "doctest::detail::ResultBuilder::binary_assert": не найдена соответствующая перегруженная функция [D:\projects\misis2023f-23-check\misis2024s-23-01-kalinkin-d-s\build.check\prj.check\prj.check\doctest_rational\doctest_rational.vcxproj]
    18>D:\projects\misis2023f-23-check\misis2024s-23-01-kalinkin-d-s\prj.check\prj.check\doctest_rational\doctest_rational.cpp(30,3): error C2675: унарный "-": "Rational" не определяет этот оператор или преобразование к типу приемлемо к встроенному оператору [D:\projects\misis2023f-23-check\misis2024s-23-01-kalinkin-d-s\build.check\prj.check\prj.check\doctest_rational\doctest_rational.vcxproj]
    18>D:\projects\misis2023f-23-check\misis2024s-23-01-kalinkin-d-s\prj.check\prj.check\doctest_rational\doctest_rational.cpp(30,3): error C2088: встроенный оператор "-" не может быть применен к операнду типа "Rational" [D:\projects\misis2023f-23-check\misis2024s-23-01-kalinkin-d-s\build.check\prj.check\prj.check\doctest_rational\doctest_rational.vcxproj]
    18>D:\projects\misis2023f-23-check\misis2024s-23-01-kalinkin-d-s\prj.check\prj.check\doctest_rational\doctest_rational.cpp(30,3): error C2672: "doctest::detail::ResultBuilder::binary_assert": не найдена соответствующая перегруженная функция [D:\projects\misis2023f-23-check\misis2024s-23-01-kalinkin-d-s\build.check\prj.check\prj.check\doctest_rational\doctest_rational.vcxproj]
    18>D:\projects\misis2023f-23-check\misis2024s-23-01-kalinkin-d-s\prj.check\prj.check\doctest_rational\doctest_rational.cpp(31,3): error C2675: унарный "-": "Rational" не определяет этот оператор или преобразование к типу приемлемо к встроенному оператору [D:\projects\misis2023f-23-check\misis2024s-23-01-kalinkin-d-s\build.check\prj.check\prj.check\doctest_rational\doctest_rational.vcxproj]
    18>D:\projects\misis2023f-23-check\misis2024s-23-01-kalinkin-d-s\prj.check\prj.check\doctest_rational\doctest_rational.cpp(31,3): error C2088: встроенный оператор "-" не может быть применен к операнду типа "Rational" [D:\projects\misis2023f-23-check\misis2024s-23-01-kalinkin-d-s\build.check\prj.check\prj.check\doctest_rational\doctest_rational.vcxproj]
    18>D:\projects\misis2023f-23-check\misis2024s-23-01-kalinkin-d-s\prj.check\prj.check\doctest_rational\doctest_rational.cpp(31,3): error C2672: "doctest::detail::ResultBuilder::binary_assert": не найдена соответствующая перегруженная функция [D:\projects\misis2023f-23-check\misis2024s-23-01-kalinkin-d-s\build.check\prj.check\prj.check\doctest_rational\doctest_rational.vcxproj]
